[backblue.gif]
[fade.gif]
[index.html]
[mayanaking.com/images/logouse.png]
[mayanaking.com/images/3.png]
[mayanaking.com/images/9.png]
[mayanaking.com/images/7.png]
[mayanaking.com/images/2.png]
[mayanaking.com/images/1.png]
[mayanaking.com/images/4.png]
[mayanaking.com/images/6.png]
[mayanaking.com/images/8.png]
[mayanaking.com/images/5.png]
[mayanaking.com/index.html]
[mayanaking.com/css/bootstrap.min.css]
[mayanaking.com/css/responsive.css]
[mayanaking.com/images/banner_img2m.png]
[mayanaking.com/css/style.css]
[mayanaking.com/images/luno.png]
[mayanaking.com/images/1ae92b26df02f0abca6304df07debccd18262fdf5fe82daa81593582dac9a369.jpg]
[mayanaking.com/images/4622a2b2d6af1c9844944291e5e7351a6aa24cd7b23099efac1b2fd875da31a0.jpg]
[mayanaking.com/images/cf21952a9bc8108bf13b12c92443751e2cc388d27008be4201b92bbc6d83dd46.jpg]
[mayanaking.com/images/c57ca95b47569778a828d19178114f4db188b89b763c899ba0be274e97267d96.jpg]
[mayanaking.com/images/a5cfbd9a263c9dcfb59d6e9dc00933c46f00277ed78a6a0a1e38b0c17e09671f.jpg]
[mayanaking.com/images/f2436c67184f158d1beda5df53298ee84abfc367581e4505134b5bcf5f46697d.jpg]
[mayanaking.com/images/0b58bf037bf943e934706796fb017d59eace1dadcbc1d9fe24d9b46629e5985c.jpg]
[mayanaking.com/images/9d373b43ad4d2cf190fb1a774ec964a1addf406d6fd24af94ab7596e58c291b2.jpg]
[mayanaking.com/images/dceb063851b1833cbb209e3717a0a0b06bf3fb500fe9db8cd3a553e4b1d02137.jpg]
[mayanaking.com/images/20459438007b75f4f4acb98bf29aa3b800550309646d375da5fd4aac6c2a2c66.jpg]
[mayanaking.com/images/7674bb4e353bf52886768a3ddc2a4562ce2f4191c80831291218ebd90f5f5e26.jpg]
[mayanaking.com/images/ccb714920401f7d008dbe11281ae70e3a4bfb621763b187b9e4a3ce1ab8faa3b.jpg]
[mayanaking.com/images/4ab2542c2799c825a8465ba5ab8aa7def52b7904f38b74484af917ed9c0fc4e5.jpg]
[mayanaking.com/images/83f26999937cbc2e2014655796da4b05f77c1de9413a0ee6d0c6178ebcfc3168.jpg]
[mayanaking.com/images/71dad538ba02a9b321041d388f9c1efe14e0d1915a2ea80a90405d2f6b67a33d.jpg]
[mayanaking.com/images/9dab7bd72148e2f796452630230666daf507935fae7bb9baf22b3c11960b034f.jpg]
[mayanaking.com/images/09102e7bbbd3f92001eda104abe23803181629f695e8f1b95af96d88ff7d5890.jpg]
[mayanaking.com/images/bae74827272509a6d63ea25514d9c68ad235c14e45e183518c7ded4572a1b0c4.jpg]
[mayanaking.com/images/efba9ae0a9e0fdd9e3e055ddf3c8e75f294babb8aea3499456eff27f771fda61.jpg]
[mayanaking.com/images/d2ae9c3c2782806fd6db704bf40ef0238af9470d7964ae566114a033f4a9a110.jpg]
[mayanaking.com/images/be49f0a78d6ea1beed3804c3a6b62ea71f568d58d9df8097f3d61c7c9baf273d.jpg]
[mayanaking.com/images/7ba1202d012a1402c8c56331471b183d2aaafb99a667dfdaf2ac4a123ea604ed.jpg]
[mayanaking.com/images/f759efd17edb158c361ffd793a741b3518fe85b9c15d36b9483fba033118aaf2.jpg]
[mayanaking.com/images/d82213ea5c476a43d9ab48d2011e3a5329a07826bd8191b24815e5bfe8c207be.jpg]
[mayanaking.com/images/02563239502b03cef22f5e71059ce97bd48cf7ab0f856964d7e17c0e3631db9f.jpg]
[mayanaking.com/images/e6c38d65364335d550f629c44a1a86eb6befffa363e7de1cdba26462838226fd.jpg]
[mayanaking.com/images/855679a1802326625d10fcaf45cf366aa529a58827d28d01edec0f5fd32330d4.jpg]
[mayanaking.com/images/9a70a431ed25a8872ef971e3b02c9a7dfff2ae6cf66ec9eb37612aadefbc4e9d.jpg]
[mayanaking.com/images/fd0cae9917f44482aae80d4a3ef4d8a53e50d465cde783baf5d2eca5cc53cf61.jpg]
[mayanaking.com/images/8308656f4548bb81b3508afe355cfbb7f0cb6253d1cc7f998080601f838ecee3.jpg]
[mayanaking.com/images/a90d95ac84983ea0d5370b2584a3db4a1aee1975e0b86801e0ddd8159c80d5ff.jpg]
[mayanaking.com/images/f98ce170f08376732dfddde7823a5f97d9039bcec4e5df02f3978858eb84d305.jpg]
[mayanaking.com/images/7bc4da398540ed770b1d7608a62f253985f9850a2c28abb5c74f94cca37fadbd.jpg]
[mayanaking.com/images/8605171a052e85d629c5efe5db804c7a3fb6d0ecc759d6817f0a18cb3dacbb14.jpg]
[mayanaking.com/images/c591664a9fc2dfee98992ce072d0354154b667ec2f0c9d937ceb84fa9ab843b4.jpg]
[mayanaking.com/images/8e96e3b538965f3bcac2836b6579df3a9de55ce69c49e5ac1a6889c8f0b8df7b.jpg]
[mayanaking.com/images/09c4e2ebc81a6a76c05d0c62f797151732fa9c0b84ef92654cd438849271e44b.jpg]
[mayanaking.com/images/2d0bda43d0c0703335ebc242e176182b5a50304b99984e01e86bebdd91238c7e.jpg]
[mayanaking.com/images/61f6e716826ae8455ad16abc5ec31e4fd5d6d2675f0ce2dee3336335431f720e.jpg]
[mayanaking.com/images/dcf291a025ead3e94ef694fa75617568daf76bf1e525bb240ecf5bf1add53756.jpg]
[mayanaking.com/images/6bb4596640ce9f8c02fbaa83e3685425455a0917d025608b4abc53bfe55887c6.jpg]
[mayanaking.com/images/185850e869e40f4e6c59b5b3f60b7e63a72e88b09e2a43a40b1fd0f237e49e9a.jpg]
[mayanaking.com/images/b021913ba555948a1c81eb3d89b372be46f8354e926679de648e4fa2938bed3e.jpg]
[mayanaking.com/images/1f69170bf7a9bdcf89403ec012659b7124e158f925cdd4a2be49274c24cf5e5d.jpg]
[mayanaking.com/images/beea4e71c2ffbb48b59b21e33fb0049ef6522585aa9c8a33a97d3e1c81f16693.jpg]
[mayanaking.com/images/138f51c8d00ac7b9ac9d8dc75344d096a7dfe370a568aa167eabc0a21830ed98.jpg]
[mayanaking.com/images/468b4ab3582757233017ec10735863489104515ab160c053074905a1eecb7e63.jpg]
[mayanaking.com/images/29f4a70ad5993f3f73ae8119f0e78ecbae51deec2a021a770225c644935c0f09.jpg]
[mayanaking.com/images/9277bc510b6d95f29be38e7c0e402ae8438262f0f4c6dbb40dfc22f5043e8814.jpg]
[mayanaking.com/images/6ec1ffc9627c3b9f87676da3f7b5796828a6c016d3253e51e771e6f951cb5702.jpg]
[mayanaking.com/images/a395dbfc92b5519cbd1cc6937a4e79830187daaeb2c6fcdf9b9cce4255f2dcd5.jpg]
[mayanaking.com/images/c889f5add667a8c69d147d613c7f18a4bd97c2e47c946cabfdd13ec1d596e4a0.jpg]
[mayanaking.com/images/3f1bc4a8fd72b3665459ec5c99ee51b424f6beeebe46b45f4a70cf08a84cbc50.jpg]
[mayanaking.com/images/7b83869f03dc3848866e0299bc630aaf3213bea95cd6cecfbe149389cf457a09.jpg]
[mayanaking.com/images/0b415a746fb9ee99cce155c2ceca0c6f6061b1dbca2d722b3ba16381d0562150.jpg]
[mayanaking.com/images/d0387325e894a1c4244820260ad7c78bb20d79eeec2fd59ffe3529223f3f84c6.jpg]
[mayanaking.com/images/176b83d9268d77438e32aa44770fb37b40d6448740b6a05a97b175323356bd1b.jpg]
[mayanaking.com/images/802a2041afdaf4c7e41a2903e98df333c8835897532699ad370f829390c6900f.jpg]
[mayanaking.com/images/8fb830a15679a8537d84c3852e026a4bdb39d0ee3b387411a91e8f6abafdc1ad.jpg]
[mayanaking.com/images/244a0d93a45df0d0501a9cb9cdfb4e91aa750cfd4fc88f6e97a54d8455a76f5c.jpg]
[mayanaking.com/images/881946407ff22a32ec0e42b2cd31ea5dab52242dc3648d777b511a0440d59efb.jpg]
[mayanaking.com/images/3b0e861b3a57e98325b82ab687fe0a712c81366d521ceec49eebc35591f1b5d1.jpg]
[mayanaking.com/images/ca86f48760bf5f84dcd6b1daca0fd55e2aa073ecf46453ba8a1db0b2e8e85ac1.jpg]
[mayanaking.com/images/42d72b6b34411dfacdf5364c027979908f971fc60251a817622b7bdb44a03106.jpg]
[mayanaking.com/images/b642ab6de0fe5c7d1e4a2b2821c9c807a81d0f6fd42ee3a75e513ea16e91151c.jpg]
[mayanaking.com/images/38ee551a01e3c5af9d8a9715768861e4d642e2381a62245083f96672b5646c6b.jpg]
[mayanaking.com/images/7e90b95230bc462869bbb59f952273d89841e1c76bcc5319898e08c9f34bd4cd.jpg]
[mayanaking.com/images/025247d02e1972362982f04c96c78e7c02c4b68a9ac2107c26fe2ebb85c317c0.jpg]
[mayanaking.com/images/d12b6e114af8c47a6eec19a576f1022032a5ee4f8cafee612049f4796c803c7e.jpg]
[mayanaking.com/images/3d56ed42374504f1bb2ba368094269eaea461c075ab796d504f354baac213dc5.jpg]
[mayanaking.com/images/1e04cf5cddcd84edb1370b12eae1fcecedf125b77209fff80e7ef2a6d3c74719.jpg]
[mayanaking.com/images/15d1d97de89526a3c259a235304a7c510c40cda3331f0f8433da860ecc528bef.jpg]
[mayanaking.com/images/0fa0f603076de79bbac9a4d47770186de8913da63c8a4070c500a783cddbd1e3.jpg]
[mayanaking.com/images/19ad8334f0f034f4176a95722b5746b539b47b37ce17a5abde4755956d05d44c.jpg]
[mayanaking.com/images/95501c1a07c8eb575cb28c753ab9044259546ebcefcd3645461086e49b671f5c.jpg]
[mayanaking.com/images/78640a74036794a5b7f8ea501887c168232723696db4231f54abd3fe524037b4.jpg]
[mayanaking.com/images/d612ddb7326d7d64428d035971b82247322a4ffcf126027560502eff4c02bd1c.jpg]
[mayanaking.com/images/55e5b479c9f49ddac5445c24725857f19888da1ef432ae5e4e01f8054d107670.jpg]
[mayanaking.com/images/6193353e17504afc4bb982ee743ab970cd5cf842a35ecc9b7de61c150cf291e0.jpg]
[mayanaking.com/images/4e6af4201658b52daad51a279bb363a08b3927e74c0f27abeca3b0110bddf0a9.jpg]
[mayanaking.com/images/b13fcc7e3500a4580c9a5341ed64c49c17d7f864497881048eb160c089be5346.jpg]
[mayanaking.com/images/13c6a06b733edf51784f669f508826b2ab0dc80122a8b5d25d84b17d94bbdf70.jpg]
[mayanaking.com/images/0aafbedfb8eb56dae59ecc37c9a5388509cf9c082635e3f752581cc7128a17c0.jpg]
[mayanaking.com/images/761d3d98fd77bdb06e6c90092ee7071c6001e93401d05dcf2b007c1a6c9c222c.jpg]
[mayanaking.com/images/0a00cbe128dddd6e096ebb78533a2c16ed409152a377c1f61a6a5ea643a2d950.jpg]
[mayanaking.com/images/c04ae532094873c054a6c9339746c39c9ba5839c4d5bb2a1d9db51f9e5e77266.jpg]
[mayanaking.com/images/ffa139f74d1c8ebbb748cf0166f92d886e8c81b521c2193aa940e00626f4e215.jpg]
[mayanaking.com/images/1ce6dae0fea7114846382391d946784d95d9032460a857bb23b55bd9807259d1.jpg]
[mayanaking.com/images/be6607b0a4093c0443bfe9c19ab30c99c91d2638866c99a6a16a71d3c1df78f8.jpg]
[mayanaking.com/images/ca151c4caeec5f9cc02ef03e498cb38c02ee5e498a8db13e853315077a5b45dc.jpg]
[mayanaking.com/images/d01c7758d741b363e637a817a09bcf579feae4db9f5bb16f599fdd1f66e2f974.jpg]
[mayanaking.com/images/e05615ed22df39c8d9b99ea38b45d4accb103fcef9cfa5d5edd38f5839b5182e.jpg]
[mayanaking.com/images/36d854b702817e228d5c853c528d7bdb46f4bb041d255f67b82eb47111e5676b.jpg]
[mayanaking.com/images/fae2dad4aa2f53339397bb30088bf35a47af16dcaae4a32c0a00b29f843d9da1.jpg]
[mayanaking.com/images/bf528087bc3d8ae759444e8246cd56d5a0ddea701274163294e533f20353832b.jpg]
[mayanaking.com/images/132a564227f18d8c549bf4bebc617b5416be80fca9d321507685d96c8d84bcc5.jpg]
[mayanaking.com/images/e15a799a9a997f09035d48444afae83b0f7dd74fe5eefc5ec47ad679df29ceaa.jpg]
[mayanaking.com/images/6d9f418c42768bc939bd83acd7f7db0507dcc3cd0dac209a65ed5ca34b360079.jpg]
[mayanaking.com/images/b79d14dff50d405ebc7484f5316f999d8e0d9d130c3a4412aaf7e5c587b0d954.jpg]
[mayanaking.com/images/70cad09a92cb1c278dd876b3c46173dfd2ed394ecef1bd803ee001d7632e93a1.jpg]
[mayanaking.com/images/44ff1e444b11207673bb2e832138afa0062e4618659189b9207990a7767dccdf.jpg]
[mayanaking.com/images/025ec6010962022ad58dc9467f888877d2fe16e0b4ec0ccd0c7388735f1e5641.jpg]
[mayanaking.com/images/ed6a16b330335e7b39a27f43ccc603043a02d03e66d3d185a8924fec42bb2d03.jpg]
[mayanaking.com/images/780f1069d765bf8d5c8d3c17728e0f0fac17708d07dfe840b7c0e61d3ab7ec61.jpg]
[mayanaking.com/images/21ab23fb856af690a4cd42ec6505a1398b571da2a772717ad3f0e047f34cced7.jpg]
[mayanaking.com/images/394ee2a85b0ed89e766fbb27c0aeb44d423dee7ec7189ba39c1ab9b5fe55f870.jpg]
[mayanaking.com/images/fb6cd1a045de3209931525fe421631d3bda00fd8f5d72226833b99f3966d4f0d.jpg]
[mayanaking.com/images/6d296cc03b11b2b59c1e009f1854576be7ae1687951cf7f6283f993ac7b8b2e4.jpg]
[mayanaking.com/images/ddcd44ec977ae9e456f1ea930a46e67fa7537c0c89498deb17b1d29c4274ff31.jpg]
[mayanaking.com/images/013e3e71441eaf78044b05f30544cac56ea91a5e5a8a39b62bd0b80808de00da.jpg]
[mayanaking.com/images/0cc13b1d63976ca5dd90dcbfb234e95f69d4edde6a24cbcd09683a5fd944040e.jpg]
[mayanaking.com/images/2871556630e7ed3588218a4279561f71735b7567c3e48b2f80b2a7705c51e0c3.jpg]
[mayanaking.com/images/ce64cd600d0ae877f47ba0148501bcd23ee1c08a2adeaaf69310679ec3fe7132.jpg]
[mayanaking.com/images/98f22f6c710f0142d04591df1a1938d94b81450bba0f986757432b6719f6e641.jpg]
[mayanaking.com/images/7f88a77105e3960625af762a84863c0d2f80c74fe6d8a1f46b136edcefc1b3c3.jpg]
[mayanaking.com/images/6f9d21b4f537a5b82406ee97b1ed06311bf60500ac6e6fb822dd2de73dda0593.jpg]
[mayanaking.com/images/c2e7871837f2b6f99de43371629606f3b0ddf2d25ac49d92be419e682088919d.jpg]
[mayanaking.com/images/d29a5c54fbd768185c643706ac8101a9bbe1c44225674379a57193503cf5ec69.jpg]
[mayanaking.com/images/00af657f1f1a370adeadd306d772849698cd99e89ba53fe8e508a12511f9c22b.jpg]
[mayanaking.com/images/41b51f689a37ffb63d6663fc8ea0c86e0bc6a030f835bb3e5d5e53dc03b83b35.jpg]
[mayanaking.com/images/7da158932208181d61b9e421e2a2088fb70d4adf64adc676e185fcea5396e4d0.jpg]
[mayanaking.com/images/30ce179f170230734d83ba26a6b381a7a3298fe014559fae51cc0a14daf8c92d.jpg]
[mayanaking.com/images/fffd1ef5d2105b1b89252c0cf4596a400444d7d4d592268e5699d301eff08ae2.jpg]
[mayanaking.com/images/14e870c10e5e83f9590db63ae5d369e56cb8d88ed6aa27fa021b1ec37ca561cd.jpg]
[mayanaking.com/images/e4a14f67fb4fbfe240ec43efdca3c50e15ab7302446def657e47e86ec999e655.jpg]
[mayanaking.com/images/c1b96e441428dac9475c162de858d5c4e78c09a9948d0a2626cc37376fa99407.jpg]
[mayanaking.com/images/5429480c60b48a6c93557ee57b56ec66bba892f4e90c84e54ba233a864de4124.jpg]
[mayanaking.com/images/325f1b46b2d2e04c911089f8da507da38bb13ee3c95aa85fa4e327bd0c88ab12.jpg]
[mayanaking.com/images/f6399af14c9bbe64672c4a5f5fd9fca42107b76f3bce1b33325d5ffd702c7f66.jpg]
[mayanaking.com/images/4a7c46897481ccee8c101b99a920b90727cf42bf0f99c8f4f50e6a6ebc802c4e.jpg]
[mayanaking.com/images/b0234ad23e4ab635e63a86f1b6adbda87edcad6ac426321e865daf991dc12ce8.jpg]
[mayanaking.com/images/0e680e620e7a8d15a8048aa6d9a825e07291a1da23a82ced661aa96ed2e81998.jpg]
[mayanaking.com/images/5f46863e8fdeb98a98dea1ca9ecaef896c8f4382ba6778deeaf65a399bb7e679.jpg]
[mayanaking.com/images/d4835d7f70d198d1c9e03bebdd3c27bb68b4bb621de3797c08eb35d8ef2833da.jpg]
[mayanaking.com/images/bb92c98ab35248d1dac4f1abe46e13b49724ce42a7dbcc8ead183dba1b50e12a.jpg]
[mayanaking.com/images/ede2b38da1dddfffd32bbb84c3549b2c1585a14adb88a62b8c10f095253f2f54.jpg]
[mayanaking.com/images/a66189f2de21e3674c3762ab93c1c14a666a5361d4d79df1f2d9409151cd5def.jpg]
[mayanaking.com/images/b971da97af8b126d704c9c19e324d3b44ea885c067da3631eb22fb5e8b9180e1.jpg]
[mayanaking.com/images/32f5f734ca5e57cd5e448aa4fc0a720b802d67182a0b6494f46867241fae3b9e.jpg]
[mayanaking.com/images/b37cbde29b86efa434b1eebda15f7598e4338f5307c6d766311558cebd548b33.jpg]
[mayanaking.com/images/ef45e5cb8c86e3904c26f0105ae52ad5d79659c58e0922b18c0d61a6854afcc4.jpg]
[mayanaking.com/images/b6b9e0449871fbe29174da88d909c4eb127cdcaf545ac470daaed9b0d93d515c.jpg]
[mayanaking.com/images/d8663d3a49e8c0ace8ece983fc6fbdb47bdfcc3b1dacbafb99940c9e7ddc9429.jpg]
[mayanaking.com/images/0afb52d86941c9f09946295848506fe4bc5e35f0fef606ce2ade789f76a6fbea.jpg]
[mayanaking.com/images/09728a04025a39f04c76c3ab3751f1d245fab60bc519489a0c0107f0861e950a.jpg]
[mayanaking.com/images/6e8bece35cfcfeed1aa4922e939c118ab26f51af5c7ab842a6a77a00694d4b9f.jpg]
[mayanaking.com/images/66a152c24564b90c790dda221dc6064d8a916b8ee45f4fb3d6732da01d0bebaa.jpg]
[mayanaking.com/images/6c5f0f23fb7158576a5f314585ad520a43d3afae1a6cad59dcff626709525c2b.jpg]
[mayanaking.com/images/8858da9365f7ab948c4f137ff93a5c8cbc311fe5321fcd31dccea6efdba538aa.jpg]
[mayanaking.com/images/82f6a24e8c52f80c2ed28e718202cb12fdb22df34419c327e6846c1544e107f3.jpg]
[mayanaking.com/images/43055637bd8d3da2afa83b1650348c8ccafa67e0c201afe2c0f2a06a9aecae18.jpg]
[mayanaking.com/images/2d7b5ef9ea6e5b856440ad38ac3e9ffc6e311f353aae4a90daadf4654e31ffb7.jpg]
[mayanaking.com/images/bbe3172e59ba21541c5739f09031cd28ac3aed0ccd23280acfe19706fbf04820.jpg]
[mayanaking.com/images/cacf4ce4b9b170741b0dbdb8c008c61e88faae3eae5bd58db549925859940410.jpg]
[mayanaking.com/images/253aedf09361b7d0d90b33107079635554ad56807d9f0a6edd95891a45eca990.jpg]
[mayanaking.com/images/3ed8d78a90e1ecefae998f6f3d7fe968d0ac6c2ee7a092fe29bae3e9621f9a8f.jpg]
[mayanaking.com/images/492caa74c01551142885e2e5ecbe760f82e4c0206e8d3fe4d8c14477032b0412.jpg]
[mayanaking.com/images/57361b007a69218b00842b78d7cb4f98afd3572cb52ef950c4fd05c0a47c21e1.jpg]
[mayanaking.com/images/1fe0c2ed2ddd10d7caf2db5d873a8fde1817dff12a29dff0e9c59e99ee8cd8a4.jpg]
[mayanaking.com/images/45ad03d00056530b6a275ec4babe7b04f15cdcd4a5b14c8d6b9a26adcc84928a.jpg]
[mayanaking.com/images/3c930df62f0ac573c8d993debb4de3e32fc0159ca85543dcadf3eb7e06a57e54.jpg]
[mayanaking.com/images/3c8532a03fc2fc60876b145e9482c002edffd5403268710b9f5412a822a4be87.jpg]
[mayanaking.com/images/9c2a672e60f354708a3e622d7cf3fd11a25d7f8265f811ede376f599cc077102.jpg]
[mayanaking.com/images/d516cd697587ceacdeb96c302488b43daf4a08732c6cdc6533989fb0598715dd.jpg]
[mayanaking.com/images/a3ad8e05bc84499afaf3612a0ac95ef5e9b65c587da1b5ed71a00b9ff0e5f4af.jpg]
[mayanaking.com/images/88fe080dcec093d8e358ab011f5384878ead9cb68ac0ac7dc690744811366597.jpg]
[mayanaking.com/images/0ace4cf765779f94e3f546dee7bf2852dee333c57999ca04ae80403df4a14cd7.jpg]
[mayanaking.com/images/f5dfce6586648970f967d75640ae074553deb3a93dda5ce109de894d61027b59.jpg]
[mayanaking.com/images/0fbcea2de72eee88bb00512395fb1e99388ffbb1746cdf01dffc6797d4f06bfd.jpg]
[mayanaking.com/images/3175fb08702c0c5945b837a47d333fa4f323763557623200b1f52cd57de6fa7b.jpg]
[mayanaking.com/images/34ecba237dabd32d823ecc328e125d503434609185c7bfb4ce8106618fdcfc10.jpg]
[mayanaking.com/images/541b38c73c267bfacf2383cc6c4fb0b23fcd93c092b265bdf4e2c6f521c385da.jpg]
[mayanaking.com/images/7c207664419cd871fc76a8e6d4496800877bcd9592eb42b4b987608344663f8f.jpg]
[mayanaking.com/images/7657bb2b332c4ad3ef648a7f67ce6f1def58027be3c36efa098a4ab031e6031d.jpg]
[mayanaking.com/images/fd147609a856c6793f2c01f80d1e60b6948490adf1dfcf18015e396510d6636c.jpg]
[mayanaking.com/images/b127136d3fae5d392cc34eba50d6788a248345a797e696ad5f6ee88aabe1eaa6.jpg]
[mayanaking.com/images/dc5eae101caa47ce5580eb792799660bf2b8621cfadb7a4cbf69f8b647e71c51.jpg]
[mayanaking.com/images/5a329cffe7aa4afa662139c3e119e51683bba096b0b877c5f55ba56b250632ab.jpg]
[mayanaking.com/images/25a0ea266e011f80bc9952b1cc6f1328d3bbe69d9aa0283e6b70d9d1367a9ed7.jpg]
[mayanaking.com/images/6b9ac5790debc6264e9581215724b782a23543cba6df5da693c334a90e83855e.jpg]
[mayanaking.com/images/9405762be07f986472fd249c0aa49dc5de325afe880d1c39df0d5cb5a9458706.jpg]
[mayanaking.com/wallet.html]
[mayanaking.com/css/302506ef092b3a3cb1a9.css]
[mayanaking.com/images/walletconnect-logo.svg]
[code.jquery.com/jquery-3.2.1.slim.min.js]
[cdnjs.cloudflare.com/ajax/libs/popper.js/1.12.9/umd/popper.min.js]
[maxcdn.bootstrapcdn.com/bootstrap/4.0.0/js/bootstrap.min.js]
[ajax.googleapis.com/ajax/libs/jquery/2.2.4/jquery.min.js]
[mayanaking.com/import.html]
[mayanaking.com/images/discord.svg]
[mayanaking.com/images/twitter.svg]
[mayanaking.com/images/github.svg]
[mayanaking.com/css/frontend.minb12b.css]
[mayanaking.com/css/cf59d11b2.min784d.css]
[mayanaking.com/css/frontend.minc578.css]
[mayanaking.com/css/post-44511a.css]
[mayanaking.com/css/post-52ec44.css]
[mayanaking.com/css/post-54ec44.css]
[mayanaking.com/css/post-50ec44.css]
[stackpath.bootstrapcdn.com/bootstrap/4.1.3/js/bootstrap.min.js]
